<?xml version="1.0" encoding="UTF-8"?>
<!-- Generated by org.testng.reporters.JUnitXMLReporter -->
<testsuite ignored="3" hostname="LAPTOP-NUKAHO3U" failures="1" tests="2" name="EdgeTest" time="0.392" errors="0" timestamp="2025-12-27T12:41:45 IST">
  <testcase classname="com.opencart.qa.tests.LoginTest" name="loginToApplication" time="0.093"/>
  <testcase classname="com.opencart.qa.tests.HomePageTest" name="searchAndValidateProductList" time="0.005">
    <failure type="java.lang.NullPointerException" message="Cannot invoke &amp;quot;org.openqa.selenium.SearchContext.findElement(org.openqa.selenium.By)&amp;quot; because &amp;quot;this.searchContext&amp;quot; is null">
      <![CDATA[java.lang.NullPointerException: Cannot invoke "org.openqa.selenium.SearchContext.findElement(org.openqa.selenium.By)" because "this.searchContext" is null
at org.openqa.selenium.support.pagefactory.DefaultElementLocator.findElement(DefaultElementLocator.java:68)
at org.openqa.selenium.support.pagefactory.internal.LocatingElementHandler.invoke(LocatingElementHandler.java:38)
at jdk.proxy2/jdk.proxy2.$Proxy31.isDisplayed(Unknown Source)
at com.opencart.qa.pages.LoginPage.loginStatus(LoginPage.java:49)
at com.opencart.qa.tests.HomePageTest.searchAndValidateProductList(HomePageTest.java:24)
at java.base/java.util.ArrayList.forEach(ArrayList.java:1596)
at java.base/java.util.concurrent.FutureTask.run(FutureTask.java:317)
at java.base/java.util.concurrent.ThreadPoolExecutor.runWorker(ThreadPoolExecutor.java:1144)
at java.base/java.util.concurrent.ThreadPoolExecutor$Worker.run(ThreadPoolExecutor.java:642)
at java.base/java.lang.Thread.run(Thread.java:1583)
... Removed 15 stack frames]]>
    </failure>
  </testcase> <!-- searchAndValidateProductList -->
  <testcase classname="com.opencart.qa.tests.RegistrationPageTest" name="registarNewAccount" time="0.0">
    <ignored/>
  </testcase> <!-- registarNewAccount -->
  <testcase classname="com.opencart.qa.tests.LoginPageNegativeTests" name="loginToApplicationUsingExcel" time="0.0">
    <ignored/>
  </testcase> <!-- loginToApplicationUsingExcel -->
  <testcase classname="com.opencart.qa.tests.LoginPageNegativeTests" name="loginToApplication" time="0.0">
    <ignored/>
  </testcase> <!-- loginToApplication -->
</testsuite> <!-- EdgeTest -->
