<?xml version="1.0" encoding="UTF-8"?>
<!-- Generated by org.testng.reporters.JUnitXMLReporter -->
<testsuite ignored="0" hostname="LAPTOP-NUKAHO3U" failures="1" tests="1" name="Test" time="6.188" errors="0" timestamp="2025-12-27T17:45:37 IST">
  <testcase classname="com.opencart.qa.tests.LoginTest" name="loginToApplication" time="1.97">
    <failure type="java.lang.AssertionError" message="expected [false] but found [true]">
      <![CDATA[java.lang.AssertionError: expected [false] but found [true]
at com.opencart.qa.tests.LoginTest.loginToApplication(LoginTest.java:25)
at java.base/java.util.ArrayList.forEach(ArrayList.java:1596)
... Removed 29 stack frames]]>
    </failure>
  </testcase> <!-- loginToApplication -->
</testsuite> <!-- Test -->
