<?xml version="1.0" encoding="UTF-8"?>
<!-- Generated by org.testng.reporters.JUnitXMLReporter -->
<testsuite ignored="0" hostname="LAPTOP-NUKAHO3U" failures="1" tests="2" name="ChromeTest" time="15.082" errors="0" timestamp="2025-12-31T08:59:34 IST">
  <testcase classname="com.opencart.qa.tests.LoginTest" name="loginToApplication" time="2.561"/>
  <testcase classname="com.opencart.qa.tests.HomePageTest" name="searchAndValidateProductList" time="3.577">
    <failure type="java.lang.AssertionError" message="expected [true] but found [false]">
      <![CDATA[java.lang.AssertionError: expected [true] but found [false]
at com.opencart.qa.tests.HomePageTest.searchAndValidateProductList(HomePageTest.java:31)
at java.base/java.util.ArrayList.forEach(ArrayList.java:1597)
... Removed 33 stack frames]]>
    </failure>
  </testcase> <!-- searchAndValidateProductList -->
</testsuite> <!-- ChromeTest -->
