<?xml version="1.0" encoding="UTF-8"?>
<testng-results ignored="0" total="2" passed="1" failed="1" skipped="0">
  <reporter-output>
  </reporter-output>
  <suite started-at="2025-12-31T08:59:19 IST" name="MySuite" finished-at="2025-12-31T08:59:34 IST" duration-ms="15082">
    <groups>
      <group name="Regression">
        <method signature="HomePageTest.searchAndValidateProductList()[pri:0, instance:com.opencart.qa.tests.HomePageTest@be68757]" name="searchAndValidateProductList" class="com.opencart.qa.tests.HomePageTest"/>
      </group> <!-- Regression -->
      <group name="Smoke">
        <method signature="HomePageTest.searchAndValidateProductList()[pri:0, instance:com.opencart.qa.tests.HomePageTest@be68757]" name="searchAndValidateProductList" class="com.opencart.qa.tests.HomePageTest"/>
        <method signature="LoginTest.loginToApplication()[pri:0, instance:com.opencart.qa.tests.LoginTest@41ab013]" name="loginToApplication" class="com.opencart.qa.tests.LoginTest"/>
      </group> <!-- Smoke -->
    </groups>
    <test started-at="2025-12-31T08:59:19 IST" name="ChromeTest" finished-at="2025-12-31T08:59:34 IST" duration-ms="15082">
      <class name="com.opencart.qa.tests.LoginTest">
        <test-method is-config="true" signature="createDriver1(java.lang.String)[pri:0, instance:com.opencart.qa.tests.LoginTest@41ab013]" started-at="2025-12-31T08:59:19 IST" name="createDriver1" finished-at="2025-12-31T08:59:24 IST" duration-ms="4944" status="PASS">
          <params>
            <param index="0">
              <value>
                <![CDATA[chrome]]>
              </value>
            </param>
          </params>
          <reporter-output>
          </reporter-output>
        </test-method> <!-- createDriver1 -->
        <test-method signature="loginToApplication()[pri:0, instance:com.opencart.qa.tests.LoginTest@41ab013]" started-at="2025-12-31T08:59:24 IST" name="loginToApplication" finished-at="2025-12-31T08:59:27 IST" duration-ms="2561" status="PASS">
          <reporter-output>
          </reporter-output>
        </test-method> <!-- loginToApplication -->
        <test-method is-config="true" signature="closeDriver()[pri:0, instance:com.opencart.qa.tests.LoginTest@41ab013]" started-at="2025-12-31T08:59:27 IST" name="closeDriver" finished-at="2025-12-31T08:59:27 IST" duration-ms="416" status="PASS">
          <reporter-output>
          </reporter-output>
        </test-method> <!-- closeDriver -->
      </class> <!-- com.opencart.qa.tests.LoginTest -->
      <class name="com.opencart.qa.tests.HomePageTest">
        <test-method is-config="true" signature="createDriver1(java.lang.String)[pri:0, instance:com.opencart.qa.tests.HomePageTest@be68757]" started-at="2025-12-31T08:59:27 IST" name="createDriver1" finished-at="2025-12-31T08:59:30 IST" duration-ms="2486" status="PASS">
          <params>
            <param index="0">
              <value>
                <![CDATA[chrome]]>
              </value>
            </param>
          </params>
          <reporter-output>
          </reporter-output>
        </test-method> <!-- createDriver1 -->
        <test-method signature="searchAndValidateProductList()[pri:0, instance:com.opencart.qa.tests.HomePageTest@be68757]" started-at="2025-12-31T08:59:30 IST" name="searchAndValidateProductList" finished-at="2025-12-31T08:59:33 IST" duration-ms="3577" status="FAIL">
          <exception class="java.lang.AssertionError">
            <message>
              <![CDATA[expected [true] but found [false]]]>
            </message>
            <full-stacktrace>
              <![CDATA[java.lang.AssertionError: expected [true] but found [false]
at org.testng.Assert.fail(Assert.java:111)
at org.testng.Assert.failNotEquals(Assert.java:1590)
at org.testng.Assert.assertTrue(Assert.java:57)
at org.testng.Assert.assertTrue(Assert.java:67)
at com.opencart.qa.tests.HomePageTest.searchAndValidateProductList(HomePageTest.java:31)
at java.base/jdk.internal.reflect.DirectMethodHandleAccessor.invoke(DirectMethodHandleAccessor.java:103)
at java.base/java.lang.reflect.Method.invoke(Method.java:580)
at org.testng.internal.invokers.MethodInvocationHelper.invokeMethod(MethodInvocationHelper.java:141)
at org.testng.internal.invokers.TestInvoker.invokeMethod(TestInvoker.java:687)
at org.testng.internal.invokers.TestInvoker.invokeTestMethod(TestInvoker.java:230)
at org.testng.internal.invokers.MethodRunner.runInSequence(MethodRunner.java:63)
at org.testng.internal.invokers.TestInvoker$MethodInvocationAgent.invoke(TestInvoker.java:995)
at org.testng.internal.invokers.TestInvoker.invokeTestMethods(TestInvoker.java:203)
at org.testng.internal.invokers.TestMethodWorker.invokeTestMethods(TestMethodWorker.java:154)
at org.testng.internal.invokers.TestMethodWorker.run(TestMethodWorker.java:134)
at java.base/java.util.ArrayList.forEach(ArrayList.java:1597)
at org.testng.TestRunner.privateRun(TestRunner.java:741)
at org.testng.TestRunner.run(TestRunner.java:616)
at org.testng.SuiteRunner.runTest(SuiteRunner.java:421)
at org.testng.SuiteRunner.runSequentially(SuiteRunner.java:413)
at org.testng.SuiteRunner.privateRun(SuiteRunner.java:373)
at org.testng.SuiteRunner.run(SuiteRunner.java:312)
at org.testng.SuiteRunnerWorker.runSuite(SuiteRunnerWorker.java:52)
at org.testng.SuiteRunnerWorker.run(SuiteRunnerWorker.java:95)
at org.testng.TestNG.runSuitesSequentially(TestNG.java:1274)
at org.testng.TestNG.runSuitesLocally(TestNG.java:1208)
at org.testng.TestNG.runSuites(TestNG.java:1112)
at org.testng.TestNG.run(TestNG.java:1079)
at org.apache.maven.surefire.testng.TestNGExecutor.run(TestNGExecutor.java:308)
at org.apache.maven.surefire.testng.TestNGXmlTestSuite.execute(TestNGXmlTestSuite.java:71)
at org.apache.maven.surefire.testng.TestNGProvider.invoke(TestNGProvider.java:113)
at org.apache.maven.surefire.booter.ForkedBooter.runSuitesInProcess(ForkedBooter.java:385)
at org.apache.maven.surefire.booter.ForkedBooter.execute(ForkedBooter.java:162)
at org.apache.maven.surefire.booter.ForkedBooter.run(ForkedBooter.java:507)
at org.apache.maven.surefire.booter.ForkedBooter.main(ForkedBooter.java:495)
]]>
            </full-stacktrace>
          </exception> <!-- java.lang.AssertionError -->
          <reporter-output>
          </reporter-output>
        </test-method> <!-- searchAndValidateProductList -->
        <test-method is-config="true" signature="closeDriver()[pri:0, instance:com.opencart.qa.tests.HomePageTest@be68757]" started-at="2025-12-31T08:59:33 IST" name="closeDriver" finished-at="2025-12-31T08:59:34 IST" duration-ms="311" status="PASS">
          <reporter-output>
          </reporter-output>
        </test-method> <!-- closeDriver -->
      </class> <!-- com.opencart.qa.tests.HomePageTest -->
    </test> <!-- ChromeTest -->
  </suite> <!-- MySuite -->
</testng-results>
