<?xml version="1.0" encoding="UTF-8"?>
<!-- Generated by org.testng.reporters.JUnitReportReporter -->
<testsuite hostname="LAPTOP-NUKAHO3U" failures="0" tests="5" name="com.opencart.qa.tests.LoginTestNegativeTests" time="93.861" errors="0" timestamp="2025-12-25T19:58:39 IST" skipped="0">
  <testcase classname="com.opencart.qa.tests.LoginTestNegativeTests" name="loginToApplication" time="18.680"/>
  <testcase classname="com.opencart.qa.tests.LoginTestNegativeTests" name="loginToApplication" time="19.371"/>
  <testcase classname="com.opencart.qa.tests.LoginTestNegativeTests" name="loginToApplication" time="18.897"/>
  <testcase classname="com.opencart.qa.tests.LoginTestNegativeTests" name="loginToApplication" time="18.136"/>
  <testcase classname="com.opencart.qa.tests.LoginTestNegativeTests" name="loginToApplication" time="18.777"/>
</testsuite> <!-- com.opencart.qa.tests.LoginTestNegativeTests -->
