<?xml version="1.0" encoding="UTF-8"?>
<!-- Generated by org.testng.reporters.JUnitReportReporter -->
<testsuite hostname="LAPTOP-NUKAHO3U" failures="0" tests="3" name="com.opencart.qa.tests.LoginPageNegativeTests" time="10.077" errors="0" timestamp="2025-12-29T11:23:40 IST" skipped="0">
  <testcase classname="com.opencart.qa.tests.LoginPageNegativeTests" name="loginToApplication" time="2.814"/>
  <testcase classname="com.opencart.qa.tests.LoginPageNegativeTests" name="loginToApplication" time="4.042"/>
  <testcase classname="com.opencart.qa.tests.LoginPageNegativeTests" name="loginToApplication" time="3.221"/>
</testsuite> <!-- com.opencart.qa.tests.LoginPageNegativeTests -->
